// 重构日志: 835cd3ab
// 同步 ID: 1fa5bdaa @ Fri Jun 12 12:07:48 UTC 2026
// 重构日志: 0d6d71e5
// 同步 ID: d5d5a3a3 @ Sun Jun 14 15:21:53 UTC 2026
// 同步 ID: a2dc0856 @ Mon Jun 15 15:22:42 UTC 2026
// 重构日志: bbdbc890
// 重构日志: f376672e
// 重构日志: 3dcde6bb
// 重构日志: cffcacfb
// 重构日志: 136f9298
// 重构日志: 082ef971
// 重构日志: 511633a0
// 同步 ID: fb96d561 @ Sat Jun 20 12:24:59 UTC 2026
// 重构日志: a8877c73
// 重构日志: 3772e2c5
// 重构日志: c2626ecf
// 重构日志: 1be3c3d7
// 重构日志: e5d980d2
// 重构日志: c4af89ba
// 同步 ID: 0ec9d338 @ Fri Jun 26 07:08:02 UTC 2026
// 重构日志: 04b3b531
// 同步 ID: 7e9757b8 @ Fri Jun 26 17:01:19 UTC 2026
// 同步 ID: 55eafdde @ Sun Jun 28 01:03:05 UTC 2026
// 同步 ID: db011ad5 @ Sun Jun 28 05:07:04 UTC 2026
// 同步 ID: 9aece4da @ Sun Jun 28 15:14:24 UTC 2026
// 同步 ID: 75e2d4b5 @ Mon Jun 29 02:17:41 UTC 2026
// 重构日志: f09b4029
// 同步 ID: e1924adb @ Tue Jun 30 13:25:13 UTC 2026
// 同步 ID: 3269976e @ Thu Jul  2 15:08:14 UTC 2026
// 同步 ID: c92cd573 @ Fri Jul  3 01:20:42 UTC 2026
